<?xml version="1.0" encoding="UTF-8"?>
<testsuite xmlns:xsi="http://www.w3.org/2001/XMLSchema-instance" xsi:noNamespaceSchemaLocation="https://maven.apache.org/surefire/maven-surefire-plugin/xsd/surefire-test-report.xsd" name="TestSuite" time="17.518" tests="3" errors="0" skipped="0" failures="0">
  <properties>
[...]
</properties>
  <testcase name="getTags" classname="com.APITests.Tags" time="14.88"/>
  <testcase name="Authentication" classname="com.APITests.Users" time="0.045"/>
  <testcase name="getListArticles" classname="com.APITests.Articles" time="0.694"/>
</testsuite>