<?xml version="1.0" encoding="UTF-8"?>
<testng-results skipped="0" failed="0" ignored="2" total="5" passed="3">
  <reporter-output>
  </reporter-output>
  <suite name="Suite" duration-ms="9319" started-at="2021-02-25T18:27:07 IST" finished-at="2021-02-25T18:27:16 IST">
    <groups>
    </groups>
    <test name="Test" duration-ms="9319" started-at="2021-02-25T18:27:07 IST" finished-at="2021-02-25T18:27:16 IST">
      <class name="com.APITests.Users">
        <test-method status="PASS" signature="Authentication()[pri:0, instance:com.APITests.Users@617faa95]" name="Authentication" duration-ms="717" started-at="2021-02-25T18:27:15 IST" finished-at="2021-02-25T18:27:16 IST">
          <reporter-output>
          </reporter-output>
        </test-method> <!-- Authentication -->
      </class> <!-- com.APITests.Users -->
      <class name="com.APITests.Tags">
        <test-method status="PASS" signature="init()[pri:0, instance:com.APITests.Tags@7e0b0338]" name="init" is-config="true" duration-ms="740" started-at="2021-02-25T18:27:07 IST" finished-at="2021-02-25T18:27:08 IST">
          <reporter-output>
          </reporter-output>
        </test-method> <!-- init -->
        <test-method status="PASS" signature="getTags()[pri:0, instance:com.APITests.Tags@7e0b0338]" name="getTags" duration-ms="7109" started-at="2021-02-25T18:27:08 IST" finished-at="2021-02-25T18:27:15 IST">
          <reporter-output>
          </reporter-output>
        </test-method> <!-- getTags -->
      </class> <!-- com.APITests.Tags -->
      <class name="com.APITests.Articles">
        <test-method status="PASS" signature="getListArticles()[pri:0, instance:com.APITests.Articles@1e127982]" name="getListArticles" duration-ms="687" started-at="2021-02-25T18:27:16 IST" finished-at="2021-02-25T18:27:16 IST">
          <reporter-output>
          </reporter-output>
        </test-method> <!-- getListArticles -->
      </class> <!-- com.APITests.Articles -->
    </test> <!-- Test -->
  </suite> <!-- Suite -->
</testng-results>
