<?xml version="1.0" encoding="UTF-8"?>
<!-- Generated by org.testng.reporters.JUnitXMLReporter -->
<testsuite hostname="LAPTOP-TREQVJA5" ignored="2" name="Test" tests="3" failures="0" timestamp="2021-02-25T14:07:13 IST" time="8.74" errors="0">
  <testcase name="getTags" time="6.633" classname="com.APITests.Tags"/>
  <testcase name="Authentication" time="0.64" classname="com.APITests.Users"/>
  <testcase name="getListArticles" time="0.424" classname="com.APITests.Articles"/>
  <testcase name="@BeforeTest init" time="0.0" classname="com.APITests.Base">
    <ignored/>
  </testcase> <!-- @BeforeTest init -->
  <testcase name="@BeforeTest init" time="0.0" classname="com.APITests.Base">
    <ignored/>
  </testcase> <!-- @BeforeTest init -->
</testsuite> <!-- Test -->
