<?xml version="1.0" encoding="UTF-8"?>
<testng-results skipped="0" failed="0" ignored="0" total="1" passed="1">
  <reporter-output>
  </reporter-output>
  <suite name="Default suite" duration-ms="4828" started-at="2021-02-25T18:24:04 IST" finished-at="2021-02-25T18:24:09 IST">
    <groups>
    </groups>
    <test name="Default test" duration-ms="4828" started-at="2021-02-25T18:24:04 IST" finished-at="2021-02-25T18:24:09 IST">
      <class name="com.APITests.Articles">
        <test-method status="PASS" signature="init()[pri:0, instance:com.APITests.Articles@74650e52]" name="init" is-config="true" duration-ms="676" started-at="2021-02-25T18:24:04 IST" finished-at="2021-02-25T18:24:05 IST">
          <reporter-output>
          </reporter-output>
        </test-method> <!-- init -->
        <test-method status="PASS" signature="getListArticles()[pri:0, instance:com.APITests.Articles@74650e52]" name="getListArticles" duration-ms="4102" started-at="2021-02-25T18:24:05 IST" finished-at="2021-02-25T18:24:09 IST">
          <reporter-output>
          </reporter-output>
        </test-method> <!-- getListArticles -->
      </class> <!-- com.APITests.Articles -->
    </test> <!-- Default test -->
  </suite> <!-- Default suite -->
</testng-results>
