<?xml version="1.0" encoding="UTF-8"?>
<!-- Generated by org.testng.reporters.JUnitXMLReporter -->
<testsuite hostname="LAPTOP-TREQVJA5" ignored="2" name="Test" tests="3" failures="0" timestamp="2021-02-25T18:27:16 IST" time="9.319" errors="0">
  <testcase name="getTags" time="7.109" classname="com.APITests.Tags"/>
  <testcase name="Authentication" time="0.717" classname="com.APITests.Users"/>
  <testcase name="getListArticles" time="0.687" classname="com.APITests.Articles"/>
  <testcase name="@BeforeTest init" time="0.0" classname="com.base.Base">
    <ignored/>
  </testcase> <!-- @BeforeTest init -->
  <testcase name="@BeforeTest init" time="0.0" classname="com.base.Base">
    <ignored/>
  </testcase> <!-- @BeforeTest init -->
</testsuite> <!-- Test -->
